Copyright 1986-2014 Xilinx, Inc. All Rights Reserved.
---------------------------------------------------------------------------------------------------
| Tool Version : Vivado v.2014.2 (win64) Build 932637 Wed Jun 11 13:30:22 MDT 2014
| Date         : Mon Dec 04 19:35:41 2017
| Host         : SWE-MACBOOK-25 running 64-bit Service Pack 1  (build 7601)
| Command      : report_control_sets -verbose -file MultwithTrojan_wrapper_control_sets_placed.rpt
| Design       : MultwithTrojan_wrapper
| Device       : xc7z020
---------------------------------------------------------------------------------------------------

Control Set Information

Table of Contents
-----------------
1. Summary
2. Flip-Flop Distribution
3. Detailed Control Set Information

1. Summary
----------

+-------------------------------------------------------------------+-------+
|                               Status                              | Count |
+-------------------------------------------------------------------+-------+
| Number of unique control sets                                     |    32 |
| Minimum Number of register sites lost to control set restrictions |    85 |
+-------------------------------------------------------------------+-------+


2. Flip-Flop Distribution
-------------------------

+--------------+-----------------------+------------------------+-----------------+--------------+
| Clock Enable | Synchronous Set/Reset | Asynchronous Set/Reset | Total Registers | Total Slices |
+--------------+-----------------------+------------------------+-----------------+--------------+
| No           | No                    | No                     |             110 |           35 |
| No           | No                    | Yes                    |               0 |            0 |
| No           | Yes                   | No                     |             249 |           80 |
| Yes          | No                    | No                     |             270 |           67 |
| Yes          | No                    | Yes                    |               0 |            0 |
| Yes          | Yes                   | No                     |              22 |            5 |
+--------------+-----------------------+------------------------+-----------------+--------------+


3. Detailed Control Set Information
-----------------------------------

+-------------------------------------------------------+------------------------------------------------------------------------------------------------------------------------------------------------------+-------------------------------------------------------------------------------------------------------------------------------------------------+------------------+----------------+
|                      Clock Signal                     |                                                                     Enable Signal                                                                    |                                                                 Set/Reset Signal                                                                | Slice Load Count | Bel Load Count |
+-------------------------------------------------------+------------------------------------------------------------------------------------------------------------------------------------------------------+-------------------------------------------------------------------------------------------------------------------------------------------------+------------------+----------------+
|  MultwithTrojan_i/processing_system7_0/inst/FCLK_CLK0 | MultwithTrojan_i/processing_system7_0_axi_periph/s00_couplers/auto_pc/inst/gen_axilite.gen_b2s_conv.axilite_b2s/WR.b_channel_0/bid_fifo_0/sel        |                                                                                                                                                 |                1 |              2 |
|  MultwithTrojan_i/processing_system7_0/inst/FCLK_CLK0 |                                                                                                                                                      | MultwithTrojan_i/rst_processing_system7_0_100M/U0/EXT_LPF/lpf_int                                                                               |                2 |              4 |
|  MultwithTrojan_i/processing_system7_0/inst/FCLK_CLK0 | MultwithTrojan_i/processing_system7_0_axi_periph/s00_couplers/auto_pc/inst/gen_axilite.gen_b2s_conv.axilite_b2s/RD.ar_channel_0/ar_cmd_fsm_0/O13     |                                                                                                                                                 |                1 |              4 |
|  MultwithTrojan_i/processing_system7_0/inst/FCLK_CLK0 | MultwithTrojan_i/processing_system7_0_axi_periph/s00_couplers/auto_pc/inst/gen_axilite.gen_b2s_conv.axilite_b2s/RD.ar_channel_0/ar_cmd_fsm_0/O9      |                                                                                                                                                 |                2 |              4 |
|  MultwithTrojan_i/processing_system7_0/inst/FCLK_CLK0 | MultwithTrojan_i/processing_system7_0_axi_periph/s00_couplers/auto_pc/inst/gen_axilite.gen_b2s_conv.axilite_b2s/RD.ar_channel_0/ar_cmd_fsm_0/O9      | MultwithTrojan_i/processing_system7_0_axi_periph/s00_couplers/auto_pc/inst/gen_axilite.gen_b2s_conv.axilite_b2s/RD.ar_channel_0/ar_cmd_fsm_0/O2 |                1 |              4 |
|  MultwithTrojan_i/processing_system7_0/inst/FCLK_CLK0 | MultwithTrojan_i/processing_system7_0_axi_periph/s00_couplers/auto_pc/inst/gen_axilite.gen_b2s_conv.axilite_b2s/RD.ar_channel_0/ar_cmd_fsm_0/O11[0]  |                                                                                                                                                 |                2 |              4 |
|  MultwithTrojan_i/processing_system7_0/inst/FCLK_CLK0 | MultwithTrojan_i/processing_system7_0_axi_periph/s00_couplers/auto_pc/inst/gen_axilite.gen_b2s_conv.axilite_b2s/RD.ar_channel_0/ar_cmd_fsm_0/O10[0]  |                                                                                                                                                 |                1 |              4 |
|  MultwithTrojan_i/processing_system7_0/inst/FCLK_CLK0 | MultwithTrojan_i/processing_system7_0_axi_periph/s00_couplers/auto_pc/inst/gen_axilite.gen_b2s_conv.axilite_b2s/RD.ar_channel_0/ar_cmd_fsm_0/E[0]    |                                                                                                                                                 |                2 |              4 |
|  MultwithTrojan_i/processing_system7_0/inst/FCLK_CLK0 | MultwithTrojan_i/processing_system7_0_axi_periph/s00_couplers/auto_pc/inst/gen_axilite.gen_b2s_conv.axilite_b2s/WR.aw_channel_0/aw_cmd_fsm_0/O11     |                                                                                                                                                 |                2 |              4 |
|  MultwithTrojan_i/processing_system7_0/inst/FCLK_CLK0 | MultwithTrojan_i/processing_system7_0_axi_periph/s00_couplers/auto_pc/inst/gen_axilite.gen_b2s_conv.axilite_b2s/WR.aw_channel_0/aw_cmd_fsm_0/O11     | MultwithTrojan_i/processing_system7_0_axi_periph/s00_couplers/auto_pc/inst/gen_axilite.gen_b2s_conv.axilite_b2s/WR.aw_channel_0/aw_cmd_fsm_0/O2 |                1 |              4 |
|  MultwithTrojan_i/processing_system7_0/inst/FCLK_CLK0 | MultwithTrojan_i/processing_system7_0_axi_periph/s00_couplers/auto_pc/inst/gen_axilite.gen_b2s_conv.axilite_b2s/WR.aw_channel_0/aw_cmd_fsm_0/O12     |                                                                                                                                                 |                1 |              4 |
|  MultwithTrojan_i/processing_system7_0/inst/FCLK_CLK0 | MultwithTrojan_i/processing_system7_0_axi_periph/s00_couplers/auto_pc/inst/gen_axilite.gen_b2s_conv.axilite_b2s/WR.aw_channel_0/aw_cmd_fsm_0/O9[0]   |                                                                                                                                                 |                1 |              4 |
|  MultwithTrojan_i/processing_system7_0/inst/FCLK_CLK0 | MultwithTrojan_i/processing_system7_0_axi_periph/s00_couplers/auto_pc/inst/gen_axilite.gen_b2s_conv.axilite_b2s/WR.aw_channel_0/aw_cmd_fsm_0/O10[0]  |                                                                                                                                                 |                1 |              4 |
|  MultwithTrojan_i/processing_system7_0/inst/FCLK_CLK0 | MultwithTrojan_i/processing_system7_0_axi_periph/s00_couplers/auto_pc/inst/gen_axilite.gen_b2s_conv.axilite_b2s/WR.aw_channel_0/aw_cmd_fsm_0/E[0]    |                                                                                                                                                 |                2 |              4 |
|  MultwithTrojan_i/processing_system7_0/inst/FCLK_CLK0 | MultwithTrojan_i/rst_processing_system7_0_100M/U0/SEQ/seq_cnt_en                                                                                     | MultwithTrojan_i/rst_processing_system7_0_100M/U0/SEQ/SEQ_COUNTER/clear                                                                         |                1 |              6 |
|  MultwithTrojan_i/processing_system7_0/inst/FCLK_CLK0 |                                                                                                                                                      | MultwithTrojan_i/processing_system7_0_axi_periph/s00_couplers/auto_pc/inst/gen_axilite.gen_b2s_conv.axilite_b2s/SI_REG/r_pipe/SR[0]             |                3 |              8 |
|  MultwithTrojan_i/processing_system7_0/inst/FCLK_CLK0 | MultwithTrojan_i/processing_system7_0_axi_periph/s00_couplers/auto_pc/inst/gen_axilite.gen_b2s_conv.axilite_b2s/WR.b_channel_0/mhandshake_r          | MultwithTrojan_i/processing_system7_0_axi_periph/s00_couplers/auto_pc/inst/gen_axilite.gen_b2s_conv.axilite_b2s/WR.b_channel_0/bid_fifo_0/SR[0] |                2 |              8 |
|  MultwithTrojan_i/processing_system7_0/inst/FCLK_CLK0 | MultwithTrojan_i/processing_system7_0_axi_periph/s00_couplers/auto_pc/inst/gen_axilite.gen_b2s_conv.axilite_b2s/RD.r_channel_0/r_push_r              |                                                                                                                                                 |                4 |             13 |
|  MultwithTrojan_i/processing_system7_0/inst/FCLK_CLK0 | MultwithTrojan_i/processing_system7_0_axi_periph/s00_couplers/auto_pc/inst/gen_axilite.gen_b2s_conv.axilite_b2s/SI_REG/b_pipe/O2                     |                                                                                                                                                 |                3 |             14 |
|  MultwithTrojan_i/processing_system7_0/inst/FCLK_CLK0 | MultwithTrojan_i/processing_system7_0_axi_periph/s00_couplers/auto_pc/inst/gen_axilite.gen_b2s_conv.axilite_b2s/SI_REG/b_pipe/p_1_in                 |                                                                                                                                                 |                3 |             14 |
|  MultwithTrojan_i/processing_system7_0/inst/FCLK_CLK0 | MultwithTrojan_i/processing_system7_0_axi_periph/s00_couplers/auto_pc/inst/gen_axilite.gen_b2s_conv.axilite_b2s/WR.aw_channel_0/aw_cmd_fsm_0/O3      |                                                                                                                                                 |                3 |             20 |
|  MultwithTrojan_i/processing_system7_0/inst/FCLK_CLK0 | MultwithTrojan_i/processing_system7_0_axi_periph/s00_couplers/auto_pc/inst/gen_axilite.gen_b2s_conv.axilite_b2s/RD.ar_channel_0/ar_cmd_fsm_0/O14[0]  |                                                                                                                                                 |                8 |             27 |
|  MultwithTrojan_i/processing_system7_0/inst/FCLK_CLK0 | MultwithTrojan_i/processing_system7_0_axi_periph/s00_couplers/auto_pc/inst/gen_axilite.gen_b2s_conv.axilite_b2s/SI_REG/ar_pipe/O2                    |                                                                                                                                                 |                8 |             27 |
|  MultwithTrojan_i/processing_system7_0/inst/FCLK_CLK0 | MultwithTrojan_i/processing_system7_0_axi_periph/s00_couplers/auto_pc/inst/gen_axilite.gen_b2s_conv.axilite_b2s/SI_REG/aw_pipe/O2                    |                                                                                                                                                 |                7 |             27 |
|  MultwithTrojan_i/processing_system7_0/inst/FCLK_CLK0 | MultwithTrojan_i/processing_system7_0_axi_periph/s00_couplers/auto_pc/inst/gen_axilite.gen_b2s_conv.axilite_b2s/WR.aw_channel_0/aw_cmd_fsm_0/O13[0]  |                                                                                                                                                 |                8 |             27 |
|  MultwithTrojan_i/processing_system7_0/inst/FCLK_CLK0 |                                                                                                                                                      | MultwithTrojan_i/multwithTrojan_0/U0/multwithTrojan_v1_0_S00_AXI_inst/multiplier_0/eqOp                                                         |                8 |             32 |
|  MultwithTrojan_i/processing_system7_0/inst/FCLK_CLK0 | MultwithTrojan_i/processing_system7_0_axi_periph/s00_couplers/auto_pc/inst/gen_axilite.gen_b2s_conv.axilite_b2s/RD.r_channel_0/rd_data_fifo_0/wr_en0 |                                                                                                                                                 |                9 |             34 |
|  MultwithTrojan_i/processing_system7_0/inst/FCLK_CLK0 | MultwithTrojan_i/processing_system7_0_axi_periph/s00_couplers/auto_pc/inst/gen_axilite.gen_b2s_conv.axilite_b2s/SI_REG/r_pipe/O2                     |                                                                                                                                                 |                8 |             47 |
|  MultwithTrojan_i/processing_system7_0/inst/FCLK_CLK0 | MultwithTrojan_i/processing_system7_0_axi_periph/s00_couplers/auto_pc/inst/gen_axilite.gen_b2s_conv.axilite_b2s/SI_REG/r_pipe/p_1_in                 |                                                                                                                                                 |                7 |             47 |
|  MultwithTrojan_i/processing_system7_0/inst/FCLK_CLK0 |                                                                                                                                                      | MultwithTrojan_i/processing_system7_0_axi_periph/s00_couplers/auto_pc/inst/gen_axilite.gen_b2s_conv.axilite_b2s/areset_d1                       |               20 |             70 |
|  MultwithTrojan_i/processing_system7_0/inst/FCLK_CLK0 |                                                                                                                                                      |                                                                                                                                                 |               36 |            111 |
|  MultwithTrojan_i/processing_system7_0/inst/FCLK_CLK0 |                                                                                                                                                      | MultwithTrojan_i/multwithTrojan_0/U0/multwithTrojan_v1_0_S00_AXI_inst/n_0_axi_awready_i_1                                                       |               47 |            135 |
+-------------------------------------------------------+------------------------------------------------------------------------------------------------------------------------------------------------------+-------------------------------------------------------------------------------------------------------------------------------------------------+------------------+----------------+


